<?xml version="1.0" encoding="UTF-8"?>
<!-- Generated by org.testng.reporters.JUnitReportReporter -->
<testsuite hostname="DESKTOP-28RBSED" failures="0" tests="1" name="com.clickezy.base.base" time="3.185" errors="0" timestamp="2023-06-28T17:44:21 IST" skipped="0">
  <testcase classname="com.clickezy.base.base" name="SignIn" time="3.185"/>
  <system-out/>
</testsuite> <!-- com.clickezy.base.base -->
