<?xml version="1.0" encoding="UTF-8"?>
<!-- Generated by org.testng.reporters.JUnitReportReporter -->
<testsuite hostname="DESKTOP-28RBSED" failures="0" tests="1" name="com.clickezy.test.user.Signup" time="11.066" errors="0" timestamp="2023-07-22T11:57:02 IST" skipped="0">
  <testcase classname="com.clickezy.test.user.Signup" name="signup" time="11.066"/>
  <system-out/>
</testsuite> <!-- com.clickezy.test.user.Signup -->
