<?xml version="1.0" encoding="UTF-8"?>
<!-- Generated by org.testng.reporters.JUnitReportReporter -->
<testsuite hostname="DESKTOP-28RBSED" failures="0" tests="1" name="com.clickezy.base.base" time="125.891" errors="0" timestamp="2023-06-24T21:07:56 IST" skipped="0">
  <testcase classname="com.clickezy.base.base" name="lunch" time="125.891"/>
  <system-out/>
</testsuite> <!-- com.clickezy.base.base -->
