<?xml version="1.0" encoding="UTF-8"?>
<!-- Generated by org.testng.reporters.JUnitReportReporter -->
<testsuite hostname="DESKTOP-28RBSED" failures="0" tests="1" name="com.clickezy.test.bookNow.BookNow" time="6.974" errors="0" timestamp="2023-07-18T12:46:02 IST" skipped="0">
  <testcase classname="com.clickezy.test.bookNow.BookNow" name="bookNow" time="6.974"/>
  <system-out/>
</testsuite> <!-- com.clickezy.test.bookNow.BookNow -->
