<?xml version="1.0" encoding="UTF-8"?>
<!-- Generated by org.testng.reporters.JUnitReportReporter -->
<testsuite hostname="DESKTOP-28RBSED" failures="0" tests="1" name="com.clickezy.user.test.Signup" time="10.015" errors="0" timestamp="2023-07-21T11:51:28 IST" skipped="0">
  <testcase classname="com.clickezy.user.test.Signup" name="signup" time="10.015"/>
  <system-out/>
</testsuite> <!-- com.clickezy.user.test.Signup -->
