<?xml version="1.0" encoding="UTF-8"?>
<!-- Generated by org.testng.reporters.JUnitReportReporter -->
<testsuite hostname="DESKTOP-28RBSED" failures="0" tests="1" name="com.clickezy.test.signup.Signup" time="7.521" errors="0" timestamp="2023-07-17T16:10:51 IST" skipped="0">
  <testcase classname="com.clickezy.test.signup.Signup" name="signup" time="7.521"/>
  <system-out/>
</testsuite> <!-- com.clickezy.test.signup.Signup -->
