<?xml version="1.0" encoding="UTF-8"?>
<!-- Generated by org.testng.reporters.JUnitReportReporter -->
<testsuite hostname="DESKTOP-28RBSED" failures="0" tests="1" name="com.clickezy.onBord.test.SignUp" time="0.773" errors="0" timestamp="2023-07-19T17:00:29 IST" skipped="0">
  <testcase classname="com.clickezy.onBord.test.SignUp" name="Signup" time="0.773"/>
  <system-out/>
</testsuite> <!-- com.clickezy.onBord.test.SignUp -->
