<?xml version="1.0" encoding="UTF-8"?>
<!-- Generated by org.testng.reporters.JUnitReportReporter -->
<testsuite hostname="DESKTOP-28RBSED" failures="0" tests="1" name="com.clickezy.user.test.BookNow" time="10.442" errors="0" timestamp="2023-07-21T12:14:29 IST" skipped="0">
  <testcase classname="com.clickezy.user.test.BookNow" name="bookNow" time="10.442"/>
  <system-out/>
</testsuite> <!-- com.clickezy.user.test.BookNow -->
