<?xml version="1.0" encoding="UTF-8"?>
<!-- Generated by org.testng.reporters.JUnitReportReporter -->
<testsuite hostname="DESKTOP-28RBSED" failures="0" tests="1" name="com.clickezy.base.base" time="8.019" errors="0" timestamp="2023-06-29T13:31:47 IST" skipped="0">
  <testcase classname="com.clickezy.base.base" name="MailSignIn" time="8.019"/>
  <system-out/>
</testsuite> <!-- com.clickezy.base.base -->
