<?xml version="1.0" encoding="UTF-8"?>
<!-- Generated by org.testng.reporters.JUnitReportReporter -->
<testsuite hostname="DESKTOP-28RBSED" failures="0" tests="1" name="com.clickezy.test.bookNow.BookNow" time="5.423" errors="0" timestamp="2023-07-17T16:36:38 IST" skipped="0">
  <testcase classname="com.clickezy.test.bookNow.BookNow" name="bookNow" time="5.423"/>
  <system-out/>
</testsuite> <!-- com.clickezy.test.bookNow.BookNow -->
