<?xml version="1.0" encoding="UTF-8"?>
<!-- Generated by org.testng.reporters.JUnitReportReporter -->
<testsuite hostname="DESKTOP-28RBSED" failures="0" tests="1" name="com.clickezy.test.user.BookNow" time="17.283" errors="0" timestamp="2023-07-25T16:15:54 IST" skipped="0">
  <testcase classname="com.clickezy.test.user.BookNow" name="bookNow" time="17.283"/>
  <system-out/>
</testsuite> <!-- com.clickezy.test.user.BookNow -->
