<?xml version="1.0" encoding="UTF-8"?>
<!-- Generated by org.testng.reporters.JUnitReportReporter -->
<testsuite hostname="DESKTOP-28RBSED" failures="0" tests="1" name="com.clickezy.test.user.USignup" time="46.719" errors="0" timestamp="2023-08-04T15:10:49 IST" skipped="0">
  <testcase classname="com.clickezy.test.user.USignup" name="signup" time="46.719"/>
  <system-out/>
</testsuite> <!-- com.clickezy.test.user.USignup -->
