<?xml version="1.0" encoding="UTF-8"?>
<!-- Generated by org.testng.reporters.JUnitReportReporter -->
<testsuite hostname="DESKTOP-28RBSED" failures="0" tests="1" name="com.clickezy.test.user.USignup" time="17.058" errors="0" timestamp="2023-07-25T16:12:10 IST" skipped="0">
  <testcase classname="com.clickezy.test.user.USignup" name="signup" time="17.058"/>
  <system-out/>
</testsuite> <!-- com.clickezy.test.user.USignup -->
