<?xml version="1.0" encoding="UTF-8"?>
<!-- Generated by org.testng.reporters.JUnitReportReporter -->
<testsuite hostname="DESKTOP-28RBSED" failures="0" tests="1" name="com.clickezy.user.test.Signup" time="11.889" errors="0" timestamp="2023-07-21T16:31:06 IST" skipped="0">
  <testcase classname="com.clickezy.user.test.Signup" name="signup" time="11.889"/>
  <system-out/>
</testsuite> <!-- com.clickezy.user.test.Signup -->
