<?xml version="1.0" encoding="UTF-8"?>
<!-- Generated by org.testng.reporters.JUnitReportReporter -->
<testsuite hostname="DESKTOP-28RBSED" failures="0" tests="1" name="com.clickezy.test.signup.Signup" time="9.862" errors="0" timestamp="2023-07-19T16:18:19 IST" skipped="0">
  <testcase classname="com.clickezy.test.signup.Signup" name="signup" time="9.862"/>
  <system-out/>
</testsuite> <!-- com.clickezy.test.signup.Signup -->
