<?xml version="1.0" encoding="UTF-8"?>
<!-- Generated by org.testng.reporters.JUnitReportReporter -->
<testsuite hostname="DESKTOP-28RBSED" failures="0" tests="1" name="com.clickezy.onBord.test.SignUp" time="15.164" errors="0" timestamp="2023-07-21T12:38:17 IST" skipped="0">
  <testcase classname="com.clickezy.onBord.test.SignUp" name="Signup" time="15.164"/>
  <system-out/>
</testsuite> <!-- com.clickezy.onBord.test.SignUp -->
