<?xml version="1.0" encoding="UTF-8"?>
<!-- Generated by org.testng.reporters.JUnitReportReporter -->
<testsuite hostname="DESKTOP-28RBSED" failures="0" tests="1" name="com.clickezy.test.bookNow.BookNow" time="7.319" errors="0" timestamp="2023-06-29T20:44:39 IST" skipped="0">
  <testcase classname="com.clickezy.test.bookNow.BookNow" name="bookNow" time="7.319"/>
  <system-out/>
</testsuite> <!-- com.clickezy.test.bookNow.BookNow -->
