<?xml version="1.0" encoding="UTF-8"?>
<!-- Generated by org.testng.reporters.JUnitReportReporter -->
<testsuite hostname="DESKTOP-28RBSED" failures="0" tests="1" name="com.clickezy.test.signup.Signup" time="7.593" errors="0" timestamp="2023-06-28T18:08:34 IST" skipped="0">
  <testcase classname="com.clickezy.test.signup.Signup" name="signup" time="7.593"/>
  <system-out/>
</testsuite> <!-- com.clickezy.test.signup.Signup -->
