<?xml version="1.0" encoding="UTF-8"?>
<!-- Generated by org.testng.reporters.JUnitReportReporter -->
<testsuite hostname="DESKTOP-28RBSED" failures="0" tests="1" name="com.clickezy.onBord.test.SignUp" time="4.584" errors="0" timestamp="2023-07-19T18:20:54 IST" skipped="0">
  <testcase classname="com.clickezy.onBord.test.SignUp" name="Signup" time="4.584"/>
  <system-out/>
</testsuite> <!-- com.clickezy.onBord.test.SignUp -->
