<?xml version="1.0" encoding="UTF-8"?>
<!-- Generated by org.testng.reporters.JUnitReportReporter -->
<testsuite hostname="DESKTOP-28RBSED" failures="0" tests="1" name="com.clickezy.base.base" time="2.691" errors="0" timestamp="2023-06-29T17:32:23 IST" skipped="0">
  <testcase classname="com.clickezy.base.base" name="MobSignIn" time="2.691"/>
  <system-out/>
</testsuite> <!-- com.clickezy.base.base -->
