<?xml version="1.0" encoding="UTF-8"?>
<!-- Generated by org.testng.reporters.JUnitReportReporter -->
<testsuite hostname="DESKTOP-28RBSED" failures="0" tests="1" name="com.clickezy.test.user.Signup" time="10.750" errors="0" timestamp="2023-07-22T13:26:46 IST" skipped="0">
  <testcase classname="com.clickezy.test.user.Signup" name="signup" time="10.750"/>
  <system-out/>
</testsuite> <!-- com.clickezy.test.user.Signup -->
