<?xml version="1.0" encoding="UTF-8"?>
<!-- Generated by org.testng.reporters.JUnitReportReporter -->
<testsuite hostname="DESKTOP-28RBSED" failures="0" tests="1" name="com.clickezy.test.signup.Signup" time="8.229" errors="0" timestamp="2023-07-19T14:53:47 IST" skipped="0">
  <testcase classname="com.clickezy.test.signup.Signup" name="signup" time="8.229"/>
  <system-out/>
</testsuite> <!-- com.clickezy.test.signup.Signup -->
