<?xml version="1.0" encoding="UTF-8"?>
<!-- Generated by org.testng.reporters.JUnitReportReporter -->
<testsuite hostname="DESKTOP-28RBSED" failures="0" tests="3" name="com.clickezy.base.base" time="11.238" errors="0" timestamp="2023-06-26T12:05:57 IST" skipped="0">
  <testcase classname="com.clickezy.base.base" name="lunch" time="8.382"/>
  <system-out/>
  <testcase classname="com.clickezy.base.base" name="SelectCity" time="0.289"/>
  <system-out/>
  <testcase classname="com.clickezy.base.base" name="SignUp" time="2.567"/>
  <system-out/>
</testsuite> <!-- com.clickezy.base.base -->
