<?xml version="1.0" encoding="UTF-8"?>
<!-- Generated by org.testng.reporters.JUnitReportReporter -->
<testsuite hostname="DESKTOP-28RBSED" failures="0" tests="2" name="com.clickezy.base.base" time="7.740" errors="0" timestamp="2023-06-26T11:17:08 IST" skipped="0">
  <testcase classname="com.clickezy.base.base" name="lunch" time="7.248"/>
  <system-out/>
  <testcase classname="com.clickezy.base.base" name="SelectCity" time="0.492"/>
  <system-out/>
</testsuite> <!-- com.clickezy.base.base -->
