<?xml version="1.0" encoding="UTF-8"?>
<!-- Generated by org.testng.reporters.JUnitReportReporter -->
<testsuite hostname="DESKTOP-28RBSED" failures="0" tests="1" name="com.clickezy.user.test.BookNow" time="9.540" errors="0" timestamp="2023-07-21T14:02:30 IST" skipped="0">
  <testcase classname="com.clickezy.user.test.BookNow" name="bookNow" time="9.540"/>
  <system-out/>
</testsuite> <!-- com.clickezy.user.test.BookNow -->
