<?xml version="1.0" encoding="UTF-8"?>
<!-- Generated by org.testng.reporters.JUnitReportReporter -->
<testsuite hostname="DESKTOP-28RBSED" failures="0" tests="2" name="com.clickezy.base.base" time="12.601" errors="0" timestamp="2023-06-26T11:45:12 IST" skipped="0">
  <testcase classname="com.clickezy.base.base" name="lunch" time="9.684"/>
  <system-out/>
  <testcase classname="com.clickezy.base.base" name="SelectCity" time="2.917"/>
  <system-out/>
</testsuite> <!-- com.clickezy.base.base -->
