<?xml version="1.0" encoding="UTF-8"?>
<!-- Generated by org.testng.reporters.JUnitReportReporter -->
<testsuite hostname="DESKTOP-28RBSED" failures="0" tests="1" name="com.clickezy.test.user.BookNow" time="11.789" errors="0" timestamp="2023-07-26T12:30:06 IST" skipped="0">
  <testcase classname="com.clickezy.test.user.BookNow" name="bookNow" time="11.789"/>
  <system-out/>
</testsuite> <!-- com.clickezy.test.user.BookNow -->
