<?xml version="1.0" encoding="UTF-8"?>
<!-- Generated by org.testng.reporters.JUnitReportReporter -->
<testsuite hostname="DESKTOP-28RBSED" failures="0" tests="1" name="com.clickezy.base.base" time="7.355" errors="0" timestamp="2023-06-25T10:21:49 IST" skipped="0">
  <testcase classname="com.clickezy.base.base" name="lunch" time="7.355"/>
  <system-out/>
</testsuite> <!-- com.clickezy.base.base -->
