<?xml version="1.0" encoding="UTF-8"?>
<!-- Generated by org.testng.reporters.JUnitReportReporter -->
<testsuite hostname="DESKTOP-28RBSED" failures="0" tests="1" name="com.clickezy.test.user.BookNow" time="14.371" errors="0" timestamp="2023-08-01T13:30:21 IST" skipped="0">
  <testcase classname="com.clickezy.test.user.BookNow" name="bookNow" time="14.371"/>
  <system-out/>
</testsuite> <!-- com.clickezy.test.user.BookNow -->
